<?xml version="1.0" encoding="UTF-8"?>
<!-- Generated by org.testng.reporters.JUnitReportReporter -->
<testsuite hostname="Rizu" failures="0" tests="1" name="testcases.VisitingPageTest" time="18.465" errors="0" timestamp="2025-07-12T23:10:25 IST" skipped="0">
  <testcase classname="testcases.VisitingPageTest" name="testVisitingPage" time="18.465"/>
</testsuite> <!-- testcases.VisitingPageTest -->
