<?xml version="1.0" encoding="UTF-8"?>
<!-- Generated by org.testng.reporters.JUnitReportReporter -->
<testsuite hostname="Rizu" failures="0" tests="1" name="testcases.LoginTest" time="4.403" errors="0" timestamp="2025-07-12T23:10:25 IST" skipped="0">
  <testcase classname="testcases.LoginTest" name="loginTest" time="4.403"/>
</testsuite> <!-- testcases.LoginTest -->
