<?xml version="1.0" encoding="UTF-8"?>
<!-- Generated by org.testng.reporters.JUnitReportReporter -->
<testsuite hostname="Rizu" failures="0" tests="1" name="testcases.DeletePatientTest" time="23.631" errors="0" timestamp="2025-07-13T15:00:59 IST" skipped="0">
  <testcase classname="testcases.DeletePatientTest" name="testDeletePatientFlow" time="23.631"/>
</testsuite> <!-- testcases.DeletePatientTest -->
