<?xml version="1.0" encoding="UTF-8"?>
<!-- Generated by org.testng.reporters.JUnitReportReporter -->
<testsuite hostname="Rizu" failures="0" tests="1" name="testcases.DeletePatientTest" time="24.229" errors="0" timestamp="2025-07-13T16:38:35 IST" skipped="0">
  <testcase classname="testcases.DeletePatientTest" name="testDeletePatientFlow" time="24.229"/>
</testsuite> <!-- testcases.DeletePatientTest -->
