<?xml version="1.0" encoding="UTF-8"?>
<!-- Generated by org.testng.reporters.JUnitReportReporter -->
<testsuite hostname="Rizu" failures="0" tests="1" name="testcases.RegisterPatientTest" time="7.064" errors="0" timestamp="2025-07-13T15:00:59 IST" skipped="0">
  <testcase classname="testcases.RegisterPatientTest" name="testRegisterPatient" time="7.064"/>
</testsuite> <!-- testcases.RegisterPatientTest -->
