<?xml version="1.0" encoding="UTF-8"?>
<!-- Generated by org.testng.reporters.JUnitReportReporter -->
<testsuite hostname="Rizu" failures="0" tests="1" name="testcases.LoginTest" time="5.285" errors="0" timestamp="2025-07-13T15:00:59 IST" skipped="0">
  <testcase classname="testcases.LoginTest" name="loginTest" time="5.285"/>
</testsuite> <!-- testcases.LoginTest -->
