<?xml version="1.0" encoding="UTF-8"?>
<!-- Generated by org.testng.reporters.JUnitReportReporter -->
<testsuite hostname="Rizu" failures="0" tests="1" name="testcases.VisitingPageTest" time="20.206" errors="0" timestamp="2025-07-13T16:38:35 IST" skipped="0">
  <testcase classname="testcases.VisitingPageTest" name="testVisitingPage" time="20.206"/>
</testsuite> <!-- testcases.VisitingPageTest -->
